::1 - - [10/Apr/2022:21:57:07 +0000] "GET /planets HTTP/1.1" 304 - "http://localhost:3000/" "Mozilla/5.0 (Macintosh; Intel Mac OS X 10_15_7) AppleWebKit/537.36 (KHTML, like Gecko) Chrome/99.0.4844.84 Safari/537.36"
::1 - - [10/Apr/2022:21:57:20 +0000] "GET /planets HTTP/1.1" 304 - "http://localhost:3000/" "Mozilla/5.0 (Macintosh; Intel Mac OS X 10_15_7) AppleWebKit/537.36 (KHTML, like Gecko) Chrome/99.0.4844.84 Safari/537.36"
::1 - - [11/Apr/2022:10:10:21 +0000] "GET /planets HTTP/1.1" 200 9862 "http://localhost:3000/" "Mozilla/5.0 (Macintosh; Intel Mac OS X 10_15_7) AppleWebKit/537.36 (KHTML, like Gecko) Chrome/99.0.4844.84 Safari/537.36"
::1 - - [11/Apr/2022:11:23:28 +0000] "GET /planets HTTP/1.1" 304 - "http://localhost:3000/" "Mozilla/5.0 (Macintosh; Intel Mac OS X 10_15_7) AppleWebKit/537.36 (KHTML, like Gecko) Chrome/99.0.4844.84 Safari/537.36"
::1 - - [11/Apr/2022:11:30:38 +0000] "GET /planets HTTP/1.1" 304 - "http://localhost:3000/" "Mozilla/5.0 (Macintosh; Intel Mac OS X 10_15_7) AppleWebKit/537.36 (KHTML, like Gecko) Chrome/99.0.4844.84 Safari/537.36"
::1 - - [11/Apr/2022:11:36:03 +0000] "GET /launches HTTP/1.1" 500 1595 "-" "PostmanRuntime/7.29.0"
::1 - - [11/Apr/2022:11:47:54 +0000] "GET /launches HTTP/1.1" 500 1595 "-" "PostmanRuntime/7.29.0"
::1 - - [11/Apr/2022:11:48:07 +0000] "GET /planets HTTP/1.1" 304 - "http://localhost:3000/" "Mozilla/5.0 (Macintosh; Intel Mac OS X 10_15_7) AppleWebKit/537.36 (KHTML, like Gecko) Chrome/99.0.4844.84 Safari/537.36"
::1 - - [11/Apr/2022:11:48:54 +0000] "GET /launches HTTP/1.1" 500 1554 "-" "PostmanRuntime/7.29.0"
::1 - - [11/Apr/2022:11:49:10 +0000] "GET /launches HTTP/1.1" 200 2 "-" "PostmanRuntime/7.29.0"
::1 - - [11/Apr/2022:11:50:22 +0000] "GET /launches HTTP/1.1" 500 1595 "-" "PostmanRuntime/7.29.0"
::1 - - [11/Apr/2022:11:52:19 +0000] "GET /launches HTTP/1.1" 200 210 "-" "PostmanRuntime/7.29.0"
::1 - - [11/Apr/2022:11:53:02 +0000] "GET /planets HTTP/1.1" 200 9862 "-" "PostmanRuntime/7.29.0"
::1 - - [11/Apr/2022:12:20:59 +0000] "GET /launches HTTP/1.1" 200 210 "http://localhost:3000/" "Mozilla/5.0 (Macintosh; Intel Mac OS X 10_15_7) AppleWebKit/537.36 (KHTML, like Gecko) Chrome/99.0.4844.84 Safari/537.36"
::1 - - [11/Apr/2022:12:20:59 +0000] "GET /planets HTTP/1.1" 304 - "http://localhost:3000/" "Mozilla/5.0 (Macintosh; Intel Mac OS X 10_15_7) AppleWebKit/537.36 (KHTML, like Gecko) Chrome/99.0.4844.84 Safari/537.36"
::1 - - [11/Apr/2022:12:24:14 +0000] "GET / HTTP/1.1" 200 1002 "-" "Mozilla/5.0 (Macintosh; Intel Mac OS X 10_15_7) AppleWebKit/537.36 (KHTML, like Gecko) Chrome/99.0.4844.84 Safari/537.36"
::1 - - [11/Apr/2022:12:24:14 +0000] "GET /static/js/main.89269517.js HTTP/1.1" 200 473103 "http://localhost:5000/" "Mozilla/5.0 (Macintosh; Intel Mac OS X 10_15_7) AppleWebKit/537.36 (KHTML, like Gecko) Chrome/99.0.4844.84 Safari/537.36"
::1 - - [11/Apr/2022:12:24:14 +0000] "GET /sound/typing.mp3 HTTP/1.1" 200 5760 "http://localhost:5000/" "Mozilla/5.0 (Macintosh; Intel Mac OS X 10_15_7) AppleWebKit/537.36 (KHTML, like Gecko) Chrome/99.0.4844.84 Safari/537.36"
::1 - - [11/Apr/2022:12:24:14 +0000] "GET /sound/deploy.mp3 HTTP/1.1" 200 5376 "http://localhost:5000/" "Mozilla/5.0 (Macintosh; Intel Mac OS X 10_15_7) AppleWebKit/537.36 (KHTML, like Gecko) Chrome/99.0.4844.84 Safari/537.36"
::1 - - [11/Apr/2022:12:24:14 +0000] "GET /sound/abort.mp3 HTTP/1.1" 200 11548 "http://localhost:5000/" "Mozilla/5.0 (Macintosh; Intel Mac OS X 10_15_7) AppleWebKit/537.36 (KHTML, like Gecko) Chrome/99.0.4844.84 Safari/537.36"
::1 - - [11/Apr/2022:12:24:14 +0000] "GET /sound/success.mp3 HTTP/1.1" 200 98497 "http://localhost:5000/" "Mozilla/5.0 (Macintosh; Intel Mac OS X 10_15_7) AppleWebKit/537.36 (KHTML, like Gecko) Chrome/99.0.4844.84 Safari/537.36"
::1 - - [11/Apr/2022:12:24:14 +0000] "GET /sound/warning.mp3 HTTP/1.1" 200 28800 "http://localhost:5000/" "Mozilla/5.0 (Macintosh; Intel Mac OS X 10_15_7) AppleWebKit/537.36 (KHTML, like Gecko) Chrome/99.0.4844.84 Safari/537.36"
::1 - - [11/Apr/2022:12:24:14 +0000] "GET /static/js/main.89269517.js.map HTTP/1.1" 200 1672931 "-" "Mozilla/5.0 (Macintosh; Intel Mac OS X 10_15_7) AppleWebKit/537.36 (KHTML, like Gecko) Chrome/99.0.4844.84 Safari/537.36"
::1 - - [11/Apr/2022:12:24:14 +0000] "GET /sound/click.mp3 HTTP/1.1" 200 2688 "http://localhost:5000/" "Mozilla/5.0 (Macintosh; Intel Mac OS X 10_15_7) AppleWebKit/537.36 (KHTML, like Gecko) Chrome/99.0.4844.84 Safari/537.36"
::1 - - [11/Apr/2022:12:24:14 +0000] "GET /launches HTTP/1.1" 304 - "http://localhost:5000/" "Mozilla/5.0 (Macintosh; Intel Mac OS X 10_15_7) AppleWebKit/537.36 (KHTML, like Gecko) Chrome/99.0.4844.84 Safari/537.36"
::1 - - [11/Apr/2022:12:24:15 +0000] "GET /planets HTTP/1.1" 304 - "http://localhost:5000/" "Mozilla/5.0 (Macintosh; Intel Mac OS X 10_15_7) AppleWebKit/537.36 (KHTML, like Gecko) Chrome/99.0.4844.84 Safari/537.36"
::1 - - [11/Apr/2022:12:24:15 +0000] "GET /favicon.png HTTP/1.1" 200 4500 "http://localhost:5000/" "Mozilla/5.0 (Macintosh; Intel Mac OS X 10_15_7) AppleWebKit/537.36 (KHTML, like Gecko) Chrome/99.0.4844.84 Safari/537.36"
::1 - - [11/Apr/2022:12:24:15 +0000] "GET /img/glow.png HTTP/1.1" 200 455 "http://localhost:5000/" "Mozilla/5.0 (Macintosh; Intel Mac OS X 10_15_7) AppleWebKit/537.36 (KHTML, like Gecko) Chrome/99.0.4844.84 Safari/537.36"
::1 - - [11/Apr/2022:12:24:15 +0000] "GET /img/background-large.jpg HTTP/1.1" 200 778461 "http://localhost:5000/" "Mozilla/5.0 (Macintosh; Intel Mac OS X 10_15_7) AppleWebKit/537.36 (KHTML, like Gecko) Chrome/99.0.4844.84 Safari/537.36"
::1 - - [11/Apr/2022:12:24:15 +0000] "GET /manifest.json HTTP/1.1" 200 306 "http://localhost:5000/" "Mozilla/5.0 (Macintosh; Intel Mac OS X 10_15_7) AppleWebKit/537.36 (KHTML, like Gecko) Chrome/99.0.4844.84 Safari/537.36"
::1 - - [11/Apr/2022:12:41:27 +0000] "GET /history HTTP/1.1" 404 146 "-" "Mozilla/5.0 (Macintosh; Intel Mac OS X 10_15_7) AppleWebKit/537.36 (KHTML, like Gecko) Chrome/99.0.4844.84 Safari/537.36"
::1 - - [11/Apr/2022:12:41:29 +0000] "GET /history HTTP/1.1" 404 146 "-" "Mozilla/5.0 (Macintosh; Intel Mac OS X 10_15_7) AppleWebKit/537.36 (KHTML, like Gecko) Chrome/99.0.4844.84 Safari/537.36"
::1 - - [11/Apr/2022:12:41:32 +0000] "GET / HTTP/1.1" 304 - "-" "Mozilla/5.0 (Macintosh; Intel Mac OS X 10_15_7) AppleWebKit/537.36 (KHTML, like Gecko) Chrome/99.0.4844.84 Safari/537.36"
::1 - - [11/Apr/2022:12:41:32 +0000] "GET /static/js/main.89269517.js HTTP/1.1" 304 - "http://localhost:5000/" "Mozilla/5.0 (Macintosh; Intel Mac OS X 10_15_7) AppleWebKit/537.36 (KHTML, like Gecko) Chrome/99.0.4844.84 Safari/537.36"
::1 - - [11/Apr/2022:12:41:33 +0000] "GET /sound/click.mp3 HTTP/1.1" 304 - "http://localhost:5000/" "Mozilla/5.0 (Macintosh; Intel Mac OS X 10_15_7) AppleWebKit/537.36 (KHTML, like Gecko) Chrome/99.0.4844.84 Safari/537.36"
::1 - - [11/Apr/2022:12:41:33 +0000] "GET /sound/deploy.mp3 HTTP/1.1" 304 - "http://localhost:5000/" "Mozilla/5.0 (Macintosh; Intel Mac OS X 10_15_7) AppleWebKit/537.36 (KHTML, like Gecko) Chrome/99.0.4844.84 Safari/537.36"
::1 - - [11/Apr/2022:12:41:33 +0000] "GET /sound/success.mp3 HTTP/1.1" 304 - "http://localhost:5000/" "Mozilla/5.0 (Macintosh; Intel Mac OS X 10_15_7) AppleWebKit/537.36 (KHTML, like Gecko) Chrome/99.0.4844.84 Safari/537.36"
::1 - - [11/Apr/2022:12:41:33 +0000] "GET /sound/abort.mp3 HTTP/1.1" 304 - "http://localhost:5000/" "Mozilla/5.0 (Macintosh; Intel Mac OS X 10_15_7) AppleWebKit/537.36 (KHTML, like Gecko) Chrome/99.0.4844.84 Safari/537.36"
::1 - - [11/Apr/2022:12:41:33 +0000] "GET /sound/typing.mp3 HTTP/1.1" 304 - "http://localhost:5000/" "Mozilla/5.0 (Macintosh; Intel Mac OS X 10_15_7) AppleWebKit/537.36 (KHTML, like Gecko) Chrome/99.0.4844.84 Safari/537.36"
::1 - - [11/Apr/2022:12:41:33 +0000] "GET /sound/warning.mp3 HTTP/1.1" 304 - "http://localhost:5000/" "Mozilla/5.0 (Macintosh; Intel Mac OS X 10_15_7) AppleWebKit/537.36 (KHTML, like Gecko) Chrome/99.0.4844.84 Safari/537.36"
::1 - - [11/Apr/2022:12:41:33 +0000] "GET /favicon.png HTTP/1.1" 304 - "http://localhost:5000/" "Mozilla/5.0 (Macintosh; Intel Mac OS X 10_15_7) AppleWebKit/537.36 (KHTML, like Gecko) Chrome/99.0.4844.84 Safari/537.36"
::1 - - [11/Apr/2022:12:41:33 +0000] "GET /img/background-large.jpg HTTP/1.1" 304 - "http://localhost:5000/" "Mozilla/5.0 (Macintosh; Intel Mac OS X 10_15_7) AppleWebKit/537.36 (KHTML, like Gecko) Chrome/99.0.4844.84 Safari/537.36"
::1 - - [11/Apr/2022:12:41:33 +0000] "GET /launches HTTP/1.1" 304 - "http://localhost:5000/" "Mozilla/5.0 (Macintosh; Intel Mac OS X 10_15_7) AppleWebKit/537.36 (KHTML, like Gecko) Chrome/99.0.4844.84 Safari/537.36"
::1 - - [11/Apr/2022:12:41:33 +0000] "GET /planets HTTP/1.1" 304 - "http://localhost:5000/" "Mozilla/5.0 (Macintosh; Intel Mac OS X 10_15_7) AppleWebKit/537.36 (KHTML, like Gecko) Chrome/99.0.4844.84 Safari/537.36"
::1 - - [11/Apr/2022:12:41:33 +0000] "GET /img/glow.png HTTP/1.1" 304 - "http://localhost:5000/" "Mozilla/5.0 (Macintosh; Intel Mac OS X 10_15_7) AppleWebKit/537.36 (KHTML, like Gecko) Chrome/99.0.4844.84 Safari/537.36"
::1 - - [11/Apr/2022:12:41:33 +0000] "GET /favicon.png HTTP/1.1" 304 - "http://localhost:5000/" "Mozilla/5.0 (Macintosh; Intel Mac OS X 10_15_7) AppleWebKit/537.36 (KHTML, like Gecko) Chrome/99.0.4844.84 Safari/537.36"
::1 - - [11/Apr/2022:12:41:33 +0000] "GET /manifest.json HTTP/1.1" 304 - "http://localhost:5000/" "Mozilla/5.0 (Macintosh; Intel Mac OS X 10_15_7) AppleWebKit/537.36 (KHTML, like Gecko) Chrome/99.0.4844.84 Safari/537.36"
::1 - - [11/Apr/2022:12:41:37 +0000] "GET // HTTP/1.1" 200 1002 "-" "Mozilla/5.0 (Macintosh; Intel Mac OS X 10_15_7) AppleWebKit/537.36 (KHTML, like Gecko) Chrome/99.0.4844.84 Safari/537.36"
::1 - - [11/Apr/2022:12:41:37 +0000] "GET /static/js/main.89269517.js HTTP/1.1" 304 - "http://localhost:5000//" "Mozilla/5.0 (Macintosh; Intel Mac OS X 10_15_7) AppleWebKit/537.36 (KHTML, like Gecko) Chrome/99.0.4844.84 Safari/537.36"
::1 - - [11/Apr/2022:12:41:37 +0000] "GET /sound/click.mp3 HTTP/1.1" 304 - "http://localhost:5000//" "Mozilla/5.0 (Macintosh; Intel Mac OS X 10_15_7) AppleWebKit/537.36 (KHTML, like Gecko) Chrome/99.0.4844.84 Safari/537.36"
::1 - - [11/Apr/2022:12:41:37 +0000] "GET /sound/typing.mp3 HTTP/1.1" 304 - "http://localhost:5000//" "Mozilla/5.0 (Macintosh; Intel Mac OS X 10_15_7) AppleWebKit/537.36 (KHTML, like Gecko) Chrome/99.0.4844.84 Safari/537.36"
::1 - - [11/Apr/2022:12:41:37 +0000] "GET /sound/deploy.mp3 HTTP/1.1" 304 - "http://localhost:5000//" "Mozilla/5.0 (Macintosh; Intel Mac OS X 10_15_7) AppleWebKit/537.36 (KHTML, like Gecko) Chrome/99.0.4844.84 Safari/537.36"
::1 - - [11/Apr/2022:12:41:37 +0000] "GET /sound/success.mp3 HTTP/1.1" 304 - "http://localhost:5000//" "Mozilla/5.0 (Macintosh; Intel Mac OS X 10_15_7) AppleWebKit/537.36 (KHTML, like Gecko) Chrome/99.0.4844.84 Safari/537.36"
::1 - - [11/Apr/2022:12:41:37 +0000] "GET /sound/abort.mp3 HTTP/1.1" 304 - "http://localhost:5000//" "Mozilla/5.0 (Macintosh; Intel Mac OS X 10_15_7) AppleWebKit/537.36 (KHTML, like Gecko) Chrome/99.0.4844.84 Safari/537.36"
::1 - - [11/Apr/2022:12:41:37 +0000] "GET /sound/warning.mp3 HTTP/1.1" 304 - "http://localhost:5000//" "Mozilla/5.0 (Macintosh; Intel Mac OS X 10_15_7) AppleWebKit/537.36 (KHTML, like Gecko) Chrome/99.0.4844.84 Safari/537.36"
::1 - - [11/Apr/2022:12:41:37 +0000] "GET /img/background-large.jpg HTTP/1.1" 304 - "http://localhost:5000//" "Mozilla/5.0 (Macintosh; Intel Mac OS X 10_15_7) AppleWebKit/537.36 (KHTML, like Gecko) Chrome/99.0.4844.84 Safari/537.36"
::1 - - [11/Apr/2022:12:41:37 +0000] "GET /img/glow.png HTTP/1.1" 304 - "http://localhost:5000//" "Mozilla/5.0 (Macintosh; Intel Mac OS X 10_15_7) AppleWebKit/537.36 (KHTML, like Gecko) Chrome/99.0.4844.84 Safari/537.36"
::1 - - [11/Apr/2022:12:41:37 +0000] "GET /planets HTTP/1.1" 304 - "http://localhost:5000//" "Mozilla/5.0 (Macintosh; Intel Mac OS X 10_15_7) AppleWebKit/537.36 (KHTML, like Gecko) Chrome/99.0.4844.84 Safari/537.36"
::1 - - [11/Apr/2022:12:41:37 +0000] "GET /launches HTTP/1.1" 304 - "http://localhost:5000//" "Mozilla/5.0 (Macintosh; Intel Mac OS X 10_15_7) AppleWebKit/537.36 (KHTML, like Gecko) Chrome/99.0.4844.84 Safari/537.36"
::1 - - [11/Apr/2022:12:41:37 +0000] "GET /favicon.png HTTP/1.1" 304 - "http://localhost:5000//" "Mozilla/5.0 (Macintosh; Intel Mac OS X 10_15_7) AppleWebKit/537.36 (KHTML, like Gecko) Chrome/99.0.4844.84 Safari/537.36"
::1 - - [11/Apr/2022:12:41:37 +0000] "GET /manifest.json HTTP/1.1" 304 - "http://localhost:5000//" "Mozilla/5.0 (Macintosh; Intel Mac OS X 10_15_7) AppleWebKit/537.36 (KHTML, like Gecko) Chrome/99.0.4844.84 Safari/537.36"
::1 - - [11/Apr/2022:12:41:41 +0000] "GET /history HTTP/1.1" 404 146 "-" "Mozilla/5.0 (Macintosh; Intel Mac OS X 10_15_7) AppleWebKit/537.36 (KHTML, like Gecko) Chrome/99.0.4844.84 Safari/537.36"
::1 - - [11/Apr/2022:12:47:40 +0000] "GET /history HTTP/1.1" 200 1002 "-" "Mozilla/5.0 (Macintosh; Intel Mac OS X 10_15_7) AppleWebKit/537.36 (KHTML, like Gecko) Chrome/99.0.4844.84 Safari/537.36"
::1 - - [11/Apr/2022:12:47:40 +0000] "GET /static/js/main.89269517.js HTTP/1.1" 200 473103 "http://localhost:5000/history" "Mozilla/5.0 (Macintosh; Intel Mac OS X 10_15_7) AppleWebKit/537.36 (KHTML, like Gecko) Chrome/99.0.4844.84 Safari/537.36"
::1 - - [11/Apr/2022:12:47:40 +0000] "GET /sound/typing.mp3 HTTP/1.1" 200 5760 "http://localhost:5000/history" "Mozilla/5.0 (Macintosh; Intel Mac OS X 10_15_7) AppleWebKit/537.36 (KHTML, like Gecko) Chrome/99.0.4844.84 Safari/537.36"
::1 - - [11/Apr/2022:12:47:40 +0000] "GET /sound/abort.mp3 HTTP/1.1" 200 11548 "http://localhost:5000/history" "Mozilla/5.0 (Macintosh; Intel Mac OS X 10_15_7) AppleWebKit/537.36 (KHTML, like Gecko) Chrome/99.0.4844.84 Safari/537.36"
::1 - - [11/Apr/2022:12:47:40 +0000] "GET /sound/warning.mp3 HTTP/1.1" 200 28800 "http://localhost:5000/history" "Mozilla/5.0 (Macintosh; Intel Mac OS X 10_15_7) AppleWebKit/537.36 (KHTML, like Gecko) Chrome/99.0.4844.84 Safari/537.36"
::1 - - [11/Apr/2022:12:47:40 +0000] "GET /sound/click.mp3 HTTP/1.1" 200 2688 "http://localhost:5000/history" "Mozilla/5.0 (Macintosh; Intel Mac OS X 10_15_7) AppleWebKit/537.36 (KHTML, like Gecko) Chrome/99.0.4844.84 Safari/537.36"
::1 - - [11/Apr/2022:12:47:40 +0000] "GET /sound/deploy.mp3 HTTP/1.1" 200 5376 "http://localhost:5000/history" "Mozilla/5.0 (Macintosh; Intel Mac OS X 10_15_7) AppleWebKit/537.36 (KHTML, like Gecko) Chrome/99.0.4844.84 Safari/537.36"
::1 - - [11/Apr/2022:12:47:40 +0000] "GET /sound/success.mp3 HTTP/1.1" 200 98497 "http://localhost:5000/history" "Mozilla/5.0 (Macintosh; Intel Mac OS X 10_15_7) AppleWebKit/537.36 (KHTML, like Gecko) Chrome/99.0.4844.84 Safari/537.36"
::1 - - [11/Apr/2022:12:47:40 +0000] "GET /planets HTTP/1.1" 304 - "http://localhost:5000/history" "Mozilla/5.0 (Macintosh; Intel Mac OS X 10_15_7) AppleWebKit/537.36 (KHTML, like Gecko) Chrome/99.0.4844.84 Safari/537.36"
::1 - - [11/Apr/2022:12:47:40 +0000] "GET /launches HTTP/1.1" 304 - "http://localhost:5000/history" "Mozilla/5.0 (Macintosh; Intel Mac OS X 10_15_7) AppleWebKit/537.36 (KHTML, like Gecko) Chrome/99.0.4844.84 Safari/537.36"
::1 - - [11/Apr/2022:12:47:40 +0000] "GET /img/glow.png HTTP/1.1" 200 455 "http://localhost:5000/history" "Mozilla/5.0 (Macintosh; Intel Mac OS X 10_15_7) AppleWebKit/537.36 (KHTML, like Gecko) Chrome/99.0.4844.84 Safari/537.36"
::1 - - [11/Apr/2022:12:47:40 +0000] "GET /favicon.png HTTP/1.1" 200 4500 "http://localhost:5000/history" "Mozilla/5.0 (Macintosh; Intel Mac OS X 10_15_7) AppleWebKit/537.36 (KHTML, like Gecko) Chrome/99.0.4844.84 Safari/537.36"
::1 - - [11/Apr/2022:12:47:40 +0000] "GET /img/background-large.jpg HTTP/1.1" 200 778461 "http://localhost:5000/history" "Mozilla/5.0 (Macintosh; Intel Mac OS X 10_15_7) AppleWebKit/537.36 (KHTML, like Gecko) Chrome/99.0.4844.84 Safari/537.36"
::1 - - [11/Apr/2022:12:47:40 +0000] "GET /favicon.png HTTP/1.1" 304 - "http://localhost:5000/history" "Mozilla/5.0 (Macintosh; Intel Mac OS X 10_15_7) AppleWebKit/537.36 (KHTML, like Gecko) Chrome/99.0.4844.84 Safari/537.36"
::1 - - [11/Apr/2022:12:47:40 +0000] "GET /manifest.json HTTP/1.1" 200 306 "http://localhost:5000/history" "Mozilla/5.0 (Macintosh; Intel Mac OS X 10_15_7) AppleWebKit/537.36 (KHTML, like Gecko) Chrome/99.0.4844.84 Safari/537.36"
::1 - - [11/Apr/2022:12:47:44 +0000] "GET /upcoming HTTP/1.1" 200 1002 "-" "Mozilla/5.0 (Macintosh; Intel Mac OS X 10_15_7) AppleWebKit/537.36 (KHTML, like Gecko) Chrome/99.0.4844.84 Safari/537.36"
::1 - - [11/Apr/2022:12:47:44 +0000] "GET /static/js/main.89269517.js HTTP/1.1" 304 - "http://localhost:5000/upcoming" "Mozilla/5.0 (Macintosh; Intel Mac OS X 10_15_7) AppleWebKit/537.36 (KHTML, like Gecko) Chrome/99.0.4844.84 Safari/537.36"
::1 - - [11/Apr/2022:12:47:44 +0000] "GET /sound/typing.mp3 HTTP/1.1" 304 - "http://localhost:5000/upcoming" "Mozilla/5.0 (Macintosh; Intel Mac OS X 10_15_7) AppleWebKit/537.36 (KHTML, like Gecko) Chrome/99.0.4844.84 Safari/537.36"
::1 - - [11/Apr/2022:12:47:44 +0000] "GET /sound/deploy.mp3 HTTP/1.1" 304 - "http://localhost:5000/upcoming" "Mozilla/5.0 (Macintosh; Intel Mac OS X 10_15_7) AppleWebKit/537.36 (KHTML, like Gecko) Chrome/99.0.4844.84 Safari/537.36"
::1 - - [11/Apr/2022:12:47:44 +0000] "GET /sound/success.mp3 HTTP/1.1" 304 - "http://localhost:5000/upcoming" "Mozilla/5.0 (Macintosh; Intel Mac OS X 10_15_7) AppleWebKit/537.36 (KHTML, like Gecko) Chrome/99.0.4844.84 Safari/537.36"
::1 - - [11/Apr/2022:12:47:44 +0000] "GET /sound/abort.mp3 HTTP/1.1" 304 - "http://localhost:5000/upcoming" "Mozilla/5.0 (Macintosh; Intel Mac OS X 10_15_7) AppleWebKit/537.36 (KHTML, like Gecko) Chrome/99.0.4844.84 Safari/537.36"
::1 - - [11/Apr/2022:12:47:44 +0000] "GET /sound/click.mp3 HTTP/1.1" 304 - "http://localhost:5000/upcoming" "Mozilla/5.0 (Macintosh; Intel Mac OS X 10_15_7) AppleWebKit/537.36 (KHTML, like Gecko) Chrome/99.0.4844.84 Safari/537.36"
::1 - - [11/Apr/2022:12:47:44 +0000] "GET /sound/warning.mp3 HTTP/1.1" 304 - "http://localhost:5000/upcoming" "Mozilla/5.0 (Macintosh; Intel Mac OS X 10_15_7) AppleWebKit/537.36 (KHTML, like Gecko) Chrome/99.0.4844.84 Safari/537.36"
::1 - - [11/Apr/2022:12:47:44 +0000] "GET /planets HTTP/1.1" 304 - "http://localhost:5000/upcoming" "Mozilla/5.0 (Macintosh; Intel Mac OS X 10_15_7) AppleWebKit/537.36 (KHTML, like Gecko) Chrome/99.0.4844.84 Safari/537.36"
::1 - - [11/Apr/2022:12:47:44 +0000] "GET /launches HTTP/1.1" 304 - "http://localhost:5000/upcoming" "Mozilla/5.0 (Macintosh; Intel Mac OS X 10_15_7) AppleWebKit/537.36 (KHTML, like Gecko) Chrome/99.0.4844.84 Safari/537.36"
::1 - - [11/Apr/2022:12:47:44 +0000] "GET /img/background-large.jpg HTTP/1.1" 304 - "http://localhost:5000/upcoming" "Mozilla/5.0 (Macintosh; Intel Mac OS X 10_15_7) AppleWebKit/537.36 (KHTML, like Gecko) Chrome/99.0.4844.84 Safari/537.36"
::1 - - [11/Apr/2022:12:47:44 +0000] "GET /img/glow.png HTTP/1.1" 304 - "http://localhost:5000/upcoming" "Mozilla/5.0 (Macintosh; Intel Mac OS X 10_15_7) AppleWebKit/537.36 (KHTML, like Gecko) Chrome/99.0.4844.84 Safari/537.36"
::1 - - [11/Apr/2022:12:47:44 +0000] "GET /favicon.png HTTP/1.1" 304 - "http://localhost:5000/upcoming" "Mozilla/5.0 (Macintosh; Intel Mac OS X 10_15_7) AppleWebKit/537.36 (KHTML, like Gecko) Chrome/99.0.4844.84 Safari/537.36"
::1 - - [11/Apr/2022:12:47:45 +0000] "GET /manifest.json HTTP/1.1" 304 - "http://localhost:5000/upcoming" "Mozilla/5.0 (Macintosh; Intel Mac OS X 10_15_7) AppleWebKit/537.36 (KHTML, like Gecko) Chrome/99.0.4844.84 Safari/537.36"
::1 - - [12/Apr/2022:10:42:29 +0000] "POST /launches HTTP/1.1" 201 99 "-" "PostmanRuntime/7.29.0"
::1 - - [12/Apr/2022:10:45:40 +0000] "POST /launches HTTP/1.1" 201 99 "-" "PostmanRuntime/7.29.0"
::1 - - [12/Apr/2022:10:46:15 +0000] "POST /launches HTTP/1.1" 201 99 "-" "PostmanRuntime/7.29.0"
::1 - - [12/Apr/2022:10:46:24 +0000] "POST /launches HTTP/1.1" 201 99 "-" "PostmanRuntime/7.29.0"
::1 - - [12/Apr/2022:10:49:10 +0000] "GET /launches HTTP/1.1" 200 310 "-" "PostmanRuntime/7.29.0"
::1 - - [12/Apr/2022:10:49:16 +0000] "GET /launches HTTP/1.1" 200 310 "-" "PostmanRuntime/7.29.0"
::1 - - [12/Apr/2022:10:49:19 +0000] "POST /launches HTTP/1.1" 201 99 "-" "PostmanRuntime/7.29.0"
::1 - - [12/Apr/2022:10:49:45 +0000] "POST /launches HTTP/1.1" 201 99 "-" "PostmanRuntime/7.29.0"
::1 - - [12/Apr/2022:10:50:02 +0000] "POST /launches HTTP/1.1" 201 99 "-" "PostmanRuntime/7.29.0"
::1 - - [12/Apr/2022:10:50:08 +0000] "GET /launches HTTP/1.1" 200 310 "-" "PostmanRuntime/7.29.0"
::1 - - [12/Apr/2022:10:50:50 +0000] "POST /launches HTTP/1.1" 201 176 "-" "PostmanRuntime/7.29.0"
::1 - - [12/Apr/2022:10:50:52 +0000] "GET /launches HTTP/1.1" 200 387 "-" "PostmanRuntime/7.29.0"
::1 - - [12/Apr/2022:10:51:02 +0000] "GET /launches HTTP/1.1" 200 210 "-" "PostmanRuntime/7.29.0"
::1 - - [12/Apr/2022:10:51:07 +0000] "POST /launches HTTP/1.1" 201 176 "-" "PostmanRuntime/7.29.0"
::1 - - [12/Apr/2022:10:51:12 +0000] "GET /launches HTTP/1.1" 200 387 "-" "PostmanRuntime/7.29.0"
::1 - - [12/Apr/2022:11:12:51 +0000] "POST /launches HTTP/1.1" 400 45 "-" "PostmanRuntime/7.29.0"
::1 - - [12/Apr/2022:11:13:12 +0000] "POST /launches HTTP/1.1" 400 31 "-" "PostmanRuntime/7.29.0"
::1 - - [12/Apr/2022:11:14:09 +0000] "POST /launches HTTP/1.1" 400 31 "-" "PostmanRuntime/7.29.0"
::1 - - [12/Apr/2022:11:14:29 +0000] "POST /launches HTTP/1.1" 400 31 "-" "PostmanRuntime/7.29.0"
::1 - - [12/Apr/2022:11:14:58 +0000] "POST /launches HTTP/1.1" 400 31 "-" "PostmanRuntime/7.29.0"
::1 - - [12/Apr/2022:11:14:58 +0000] "POST /launches HTTP/1.1" 400 31 "-" "PostmanRuntime/7.29.0"
::1 - - [12/Apr/2022:11:15:29 +0000] "POST /launches HTTP/1.1" 201 198 "-" "PostmanRuntime/7.29.0"
::1 - - [13/Apr/2022:17:37:36 +0000] "GET /launches HTTP/1.1" 200 210 "http://localhost:3000/" "Mozilla/5.0 (Macintosh; Intel Mac OS X 10_15_7) AppleWebKit/537.36 (KHTML, like Gecko) Chrome/99.0.4844.84 Safari/537.36"
::1 - - [13/Apr/2022:17:37:36 +0000] "GET /planets HTTP/1.1" 200 9862 "http://localhost:3000/" "Mozilla/5.0 (Macintosh; Intel Mac OS X 10_15_7) AppleWebKit/537.36 (KHTML, like Gecko) Chrome/99.0.4844.84 Safari/537.36"
::1 - - [13/Apr/2022:17:37:46 +0000] "POST /launches HTTP/1.1" 400 45 "http://localhost:3000/" "Mozilla/5.0 (Macintosh; Intel Mac OS X 10_15_7) AppleWebKit/537.36 (KHTML, like Gecko) Chrome/99.0.4844.84 Safari/537.36"
::1 - - [13/Apr/2022:17:38:03 +0000] "POST /launches HTTP/1.1" 400 45 "http://localhost:3000/" "Mozilla/5.0 (Macintosh; Intel Mac OS X 10_15_7) AppleWebKit/537.36 (KHTML, like Gecko) Chrome/99.0.4844.84 Safari/537.36"
::1 - - [13/Apr/2022:17:38:07 +0000] "GET /planets HTTP/1.1" 304 - "http://localhost:3000/" "Mozilla/5.0 (Macintosh; Intel Mac OS X 10_15_7) AppleWebKit/537.36 (KHTML, like Gecko) Chrome/99.0.4844.84 Safari/537.36"
::1 - - [13/Apr/2022:17:38:07 +0000] "GET /launches HTTP/1.1" 304 - "http://localhost:3000/" "Mozilla/5.0 (Macintosh; Intel Mac OS X 10_15_7) AppleWebKit/537.36 (KHTML, like Gecko) Chrome/99.0.4844.84 Safari/537.36"
::1 - - [13/Apr/2022:17:38:21 +0000] "POST /launches HTTP/1.1" 400 45 "http://localhost:3000/" "Mozilla/5.0 (Macintosh; Intel Mac OS X 10_15_7) AppleWebKit/537.36 (KHTML, like Gecko) Chrome/99.0.4844.84 Safari/537.36"
::1 - - [13/Apr/2022:17:39:42 +0000] "POST /launches HTTP/1.1" 400 45 "http://localhost:3000/" "Mozilla/5.0 (Macintosh; Intel Mac OS X 10_15_7) AppleWebKit/537.36 (KHTML, like Gecko) Chrome/99.0.4844.84 Safari/537.36"
::1 - - [13/Apr/2022:17:42:06 +0000] "POST /launches HTTP/1.1" 201 185 "http://localhost:3000/" "Mozilla/5.0 (Macintosh; Intel Mac OS X 10_15_7) AppleWebKit/537.36 (KHTML, like Gecko) Chrome/99.0.4844.84 Safari/537.36"
::1 - - [13/Apr/2022:17:42:12 +0000] "POST /launches HTTP/1.1" 201 185 "http://localhost:3000/" "Mozilla/5.0 (Macintosh; Intel Mac OS X 10_15_7) AppleWebKit/537.36 (KHTML, like Gecko) Chrome/99.0.4844.84 Safari/537.36"
::1 - - [13/Apr/2022:17:42:21 +0000] "GET /launches HTTP/1.1" 200 577 "http://localhost:3000/" "Mozilla/5.0 (Macintosh; Intel Mac OS X 10_15_7) AppleWebKit/537.36 (KHTML, like Gecko) Chrome/99.0.4844.84 Safari/537.36"
::1 - - [13/Apr/2022:17:42:21 +0000] "GET /planets HTTP/1.1" 304 - "http://localhost:3000/" "Mozilla/5.0 (Macintosh; Intel Mac OS X 10_15_7) AppleWebKit/537.36 (KHTML, like Gecko) Chrome/99.0.4844.84 Safari/537.36"
::1 - - [13/Apr/2022:17:42:31 +0000] "POST /launches HTTP/1.1" 201 182 "http://localhost:3000/" "Mozilla/5.0 (Macintosh; Intel Mac OS X 10_15_7) AppleWebKit/537.36 (KHTML, like Gecko) Chrome/99.0.4844.84 Safari/537.36"
::1 - - [13/Apr/2022:17:44:24 +0000] "POST /launches HTTP/1.1" 201 186 "http://localhost:3000/" "Mozilla/5.0 (Macintosh; Intel Mac OS X 10_15_7) AppleWebKit/537.36 (KHTML, like Gecko) Chrome/99.0.4844.84 Safari/537.36"
::1 - - [13/Apr/2022:17:45:10 +0000] "GET /launches HTTP/1.1" 200 947 "http://localhost:3000/" "Mozilla/5.0 (Macintosh; Intel Mac OS X 10_15_7) AppleWebKit/537.36 (KHTML, like Gecko) Chrome/99.0.4844.84 Safari/537.36"
::1 - - [13/Apr/2022:17:45:10 +0000] "GET /planets HTTP/1.1" 304 - "http://localhost:3000/" "Mozilla/5.0 (Macintosh; Intel Mac OS X 10_15_7) AppleWebKit/537.36 (KHTML, like Gecko) Chrome/99.0.4844.84 Safari/537.36"
::1 - - [13/Apr/2022:17:58:55 +0000] "GET /launches HTTP/1.1" 304 - "http://localhost:3000/" "Mozilla/5.0 (Macintosh; Intel Mac OS X 10_15_7) AppleWebKit/537.36 (KHTML, like Gecko) Chrome/99.0.4844.84 Safari/537.36"
::1 - - [13/Apr/2022:17:58:55 +0000] "GET /planets HTTP/1.1" 304 - "http://localhost:3000/" "Mozilla/5.0 (Macintosh; Intel Mac OS X 10_15_7) AppleWebKit/537.36 (KHTML, like Gecko) Chrome/99.0.4844.84 Safari/537.36"
::1 - - [13/Apr/2022:17:59:17 +0000] "GET /launches HTTP/1.1" 304 - "http://localhost:3000/" "Mozilla/5.0 (Macintosh; Intel Mac OS X 10_15_7) AppleWebKit/537.36 (KHTML, like Gecko) Chrome/99.0.4844.84 Safari/537.36"
::1 - - [13/Apr/2022:17:59:17 +0000] "GET /planets HTTP/1.1" 304 - "http://localhost:3000/" "Mozilla/5.0 (Macintosh; Intel Mac OS X 10_15_7) AppleWebKit/537.36 (KHTML, like Gecko) Chrome/99.0.4844.84 Safari/537.36"
::1 - - [13/Apr/2022:17:59:18 +0000] "GET /planets HTTP/1.1" 304 - "http://localhost:3000/" "Mozilla/5.0 (Macintosh; Intel Mac OS X 10_15_7) AppleWebKit/537.36 (KHTML, like Gecko) Chrome/99.0.4844.84 Safari/537.36"
::1 - - [13/Apr/2022:17:59:18 +0000] "GET /launches HTTP/1.1" 304 - "http://localhost:3000/" "Mozilla/5.0 (Macintosh; Intel Mac OS X 10_15_7) AppleWebKit/537.36 (KHTML, like Gecko) Chrome/99.0.4844.84 Safari/537.36"
::1 - - [13/Apr/2022:17:59:41 +0000] "GET /launches HTTP/1.1" 304 - "http://localhost:3000/" "Mozilla/5.0 (Macintosh; Intel Mac OS X 10_15_7) AppleWebKit/537.36 (KHTML, like Gecko) Chrome/99.0.4844.84 Safari/537.36"
::1 - - [13/Apr/2022:17:59:41 +0000] "GET /planets HTTP/1.1" 304 - "http://localhost:3000/" "Mozilla/5.0 (Macintosh; Intel Mac OS X 10_15_7) AppleWebKit/537.36 (KHTML, like Gecko) Chrome/99.0.4844.84 Safari/537.36"
::1 - - [13/Apr/2022:18:05:51 +0000] "GET /launches HTTP/1.1" 200 205 "http://localhost:3000/" "Mozilla/5.0 (Macintosh; Intel Mac OS X 10_15_7) AppleWebKit/537.36 (KHTML, like Gecko) Chrome/99.0.4844.84 Safari/537.36"
::1 - - [13/Apr/2022:18:05:51 +0000] "GET /planets HTTP/1.1" 304 - "http://localhost:3000/" "Mozilla/5.0 (Macintosh; Intel Mac OS X 10_15_7) AppleWebKit/537.36 (KHTML, like Gecko) Chrome/99.0.4844.84 Safari/537.36"
::1 - - [13/Apr/2022:18:05:55 +0000] "POST /launches HTTP/1.1" 201 184 "http://localhost:3000/" "Mozilla/5.0 (Macintosh; Intel Mac OS X 10_15_7) AppleWebKit/537.36 (KHTML, like Gecko) Chrome/99.0.4844.84 Safari/537.36"
::1 - - [13/Apr/2022:18:05:55 +0000] "GET /launches HTTP/1.1" 200 390 "http://localhost:3000/" "Mozilla/5.0 (Macintosh; Intel Mac OS X 10_15_7) AppleWebKit/537.36 (KHTML, like Gecko) Chrome/99.0.4844.84 Safari/537.36"
::1 - - [13/Apr/2022:18:17:06 +0000] "GET /planets HTTP/1.1" 304 - "http://localhost:3000/" "Mozilla/5.0 (Macintosh; Intel Mac OS X 10_15_7) AppleWebKit/537.36 (KHTML, like Gecko) Chrome/99.0.4844.84 Safari/537.36"
::1 - - [13/Apr/2022:18:17:06 +0000] "GET /launches HTTP/1.1" 304 - "http://localhost:3000/" "Mozilla/5.0 (Macintosh; Intel Mac OS X 10_15_7) AppleWebKit/537.36 (KHTML, like Gecko) Chrome/99.0.4844.84 Safari/537.36"
::1 - - [13/Apr/2022:18:17:07 +0000] "GET /launches HTTP/1.1" 304 - "http://localhost:3000/" "Mozilla/5.0 (Macintosh; Intel Mac OS X 10_15_7) AppleWebKit/537.36 (KHTML, like Gecko) Chrome/99.0.4844.84 Safari/537.36"
::1 - - [13/Apr/2022:18:17:07 +0000] "GET /planets HTTP/1.1" 304 - "http://localhost:3000/" "Mozilla/5.0 (Macintosh; Intel Mac OS X 10_15_7) AppleWebKit/537.36 (KHTML, like Gecko) Chrome/99.0.4844.84 Safari/537.36"
::1 - - [13/Apr/2022:18:51:59 +0000] "DELETE /launches/101 HTTP/1.1" 404 28 "http://localhost:3000/" "Mozilla/5.0 (Macintosh; Intel Mac OS X 10_15_7) AppleWebKit/537.36 (KHTML, like Gecko) Chrome/99.0.4844.84 Safari/537.36"
::1 - - [13/Apr/2022:18:52:02 +0000] "GET /launches HTTP/1.1" 200 205 "http://localhost:3000/" "Mozilla/5.0 (Macintosh; Intel Mac OS X 10_15_7) AppleWebKit/537.36 (KHTML, like Gecko) Chrome/99.0.4844.84 Safari/537.36"
::1 - - [13/Apr/2022:18:52:02 +0000] "GET /planets HTTP/1.1" 304 - "http://localhost:3000/" "Mozilla/5.0 (Macintosh; Intel Mac OS X 10_15_7) AppleWebKit/537.36 (KHTML, like Gecko) Chrome/99.0.4844.84 Safari/537.36"
::1 - - [13/Apr/2022:18:52:10 +0000] "DELETE /launches/100 HTTP/1.1" 404 28 "http://localhost:3000/" "Mozilla/5.0 (Macintosh; Intel Mac OS X 10_15_7) AppleWebKit/537.36 (KHTML, like Gecko) Chrome/99.0.4844.84 Safari/537.36"
::1 - - [13/Apr/2022:18:52:32 +0000] "GET /launches HTTP/1.1" 304 - "http://localhost:3000/" "Mozilla/5.0 (Macintosh; Intel Mac OS X 10_15_7) AppleWebKit/537.36 (KHTML, like Gecko) Chrome/99.0.4844.84 Safari/537.36"
::1 - - [13/Apr/2022:18:52:32 +0000] "GET /planets HTTP/1.1" 304 - "http://localhost:3000/" "Mozilla/5.0 (Macintosh; Intel Mac OS X 10_15_7) AppleWebKit/537.36 (KHTML, like Gecko) Chrome/99.0.4844.84 Safari/537.36"
::1 - - [13/Apr/2022:18:52:36 +0000] "GET /launches HTTP/1.1" 304 - "http://localhost:3000/" "Mozilla/5.0 (Macintosh; Intel Mac OS X 10_15_7) AppleWebKit/537.36 (KHTML, like Gecko) Chrome/99.0.4844.84 Safari/537.36"
::1 - - [13/Apr/2022:18:52:36 +0000] "GET /planets HTTP/1.1" 304 - "http://localhost:3000/" "Mozilla/5.0 (Macintosh; Intel Mac OS X 10_15_7) AppleWebKit/537.36 (KHTML, like Gecko) Chrome/99.0.4844.84 Safari/537.36"
::1 - - [13/Apr/2022:18:52:40 +0000] "DELETE /launches/100 HTTP/1.1" 404 28 "http://localhost:3000/" "Mozilla/5.0 (Macintosh; Intel Mac OS X 10_15_7) AppleWebKit/537.36 (KHTML, like Gecko) Chrome/99.0.4844.84 Safari/537.36"
::1 - - [13/Apr/2022:18:52:44 +0000] "GET /launches HTTP/1.1" 304 - "http://localhost:3000/" "Mozilla/5.0 (Macintosh; Intel Mac OS X 10_15_7) AppleWebKit/537.36 (KHTML, like Gecko) Chrome/99.0.4844.84 Safari/537.36"
::1 - - [13/Apr/2022:18:52:44 +0000] "GET /planets HTTP/1.1" 304 - "http://localhost:3000/" "Mozilla/5.0 (Macintosh; Intel Mac OS X 10_15_7) AppleWebKit/537.36 (KHTML, like Gecko) Chrome/99.0.4844.84 Safari/537.36"
::1 - - [13/Apr/2022:18:52:52 +0000] "POST /launches HTTP/1.1" 201 185 "http://localhost:3000/" "Mozilla/5.0 (Macintosh; Intel Mac OS X 10_15_7) AppleWebKit/537.36 (KHTML, like Gecko) Chrome/99.0.4844.84 Safari/537.36"
::1 - - [13/Apr/2022:18:52:52 +0000] "GET /launches HTTP/1.1" 200 391 "http://localhost:3000/" "Mozilla/5.0 (Macintosh; Intel Mac OS X 10_15_7) AppleWebKit/537.36 (KHTML, like Gecko) Chrome/99.0.4844.84 Safari/537.36"
::1 - - [13/Apr/2022:18:52:57 +0000] "DELETE /launches/101 HTTP/1.1" 404 28 "http://localhost:3000/" "Mozilla/5.0 (Macintosh; Intel Mac OS X 10_15_7) AppleWebKit/537.36 (KHTML, like Gecko) Chrome/99.0.4844.84 Safari/537.36"
::1 - - [13/Apr/2022:18:53:54 +0000] "DELETE /launches/101 HTTP/1.1" 404 28 "http://localhost:3000/" "Mozilla/5.0 (Macintosh; Intel Mac OS X 10_15_7) AppleWebKit/537.36 (KHTML, like Gecko) Chrome/99.0.4844.84 Safari/537.36"
::1 - - [13/Apr/2022:18:54:09 +0000] "DELETE /launches/101 HTTP/1.1" 404 28 "http://localhost:3000/" "Mozilla/5.0 (Macintosh; Intel Mac OS X 10_15_7) AppleWebKit/537.36 (KHTML, like Gecko) Chrome/99.0.4844.84 Safari/537.36"
::1 - - [13/Apr/2022:18:54:28 +0000] "DELETE /launches/101 HTTP/1.1" 404 28 "http://localhost:3000/" "Mozilla/5.0 (Macintosh; Intel Mac OS X 10_15_7) AppleWebKit/537.36 (KHTML, like Gecko) Chrome/99.0.4844.84 Safari/537.36"
::1 - - [13/Apr/2022:18:54:38 +0000] "DELETE /launches/101 HTTP/1.1" 404 28 "http://localhost:3000/" "Mozilla/5.0 (Macintosh; Intel Mac OS X 10_15_7) AppleWebKit/537.36 (KHTML, like Gecko) Chrome/99.0.4844.84 Safari/537.36"
::1 - - [13/Apr/2022:18:54:46 +0000] "DELETE /launches/101 HTTP/1.1" 404 28 "http://localhost:3000/" "Mozilla/5.0 (Macintosh; Intel Mac OS X 10_15_7) AppleWebKit/537.36 (KHTML, like Gecko) Chrome/99.0.4844.84 Safari/537.36"
::1 - - [13/Apr/2022:18:54:51 +0000] "GET /launches HTTP/1.1" 200 205 "http://localhost:3000/" "Mozilla/5.0 (Macintosh; Intel Mac OS X 10_15_7) AppleWebKit/537.36 (KHTML, like Gecko) Chrome/99.0.4844.84 Safari/537.36"
::1 - - [13/Apr/2022:18:54:51 +0000] "GET /planets HTTP/1.1" 304 - "http://localhost:3000/" "Mozilla/5.0 (Macintosh; Intel Mac OS X 10_15_7) AppleWebKit/537.36 (KHTML, like Gecko) Chrome/99.0.4844.84 Safari/537.36"
::1 - - [13/Apr/2022:18:54:56 +0000] "POST /launches HTTP/1.1" 201 185 "http://localhost:3000/" "Mozilla/5.0 (Macintosh; Intel Mac OS X 10_15_7) AppleWebKit/537.36 (KHTML, like Gecko) Chrome/99.0.4844.84 Safari/537.36"
::1 - - [13/Apr/2022:18:54:56 +0000] "GET /launches HTTP/1.1" 200 391 "http://localhost:3000/" "Mozilla/5.0 (Macintosh; Intel Mac OS X 10_15_7) AppleWebKit/537.36 (KHTML, like Gecko) Chrome/99.0.4844.84 Safari/537.36"
::1 - - [13/Apr/2022:18:54:59 +0000] "DELETE /launches/101 HTTP/1.1" 404 28 "http://localhost:3000/" "Mozilla/5.0 (Macintosh; Intel Mac OS X 10_15_7) AppleWebKit/537.36 (KHTML, like Gecko) Chrome/99.0.4844.84 Safari/537.36"
::1 - - [13/Apr/2022:18:55:16 +0000] "GET /launches HTTP/1.1" 200 205 "http://localhost:3000/" "Mozilla/5.0 (Macintosh; Intel Mac OS X 10_15_7) AppleWebKit/537.36 (KHTML, like Gecko) Chrome/99.0.4844.84 Safari/537.36"
::1 - - [13/Apr/2022:18:55:16 +0000] "GET /planets HTTP/1.1" 304 - "http://localhost:3000/" "Mozilla/5.0 (Macintosh; Intel Mac OS X 10_15_7) AppleWebKit/537.36 (KHTML, like Gecko) Chrome/99.0.4844.84 Safari/537.36"
::1 - - [13/Apr/2022:18:55:16 +0000] "GET /launches HTTP/1.1" 304 - "http://localhost:3000/" "Mozilla/5.0 (Macintosh; Intel Mac OS X 10_15_7) AppleWebKit/537.36 (KHTML, like Gecko) Chrome/99.0.4844.84 Safari/537.36"
::1 - - [13/Apr/2022:18:55:16 +0000] "GET /planets HTTP/1.1" 304 - "http://localhost:3000/" "Mozilla/5.0 (Macintosh; Intel Mac OS X 10_15_7) AppleWebKit/537.36 (KHTML, like Gecko) Chrome/99.0.4844.84 Safari/537.36"
::1 - - [13/Apr/2022:18:55:20 +0000] "POST /launches HTTP/1.1" 201 185 "http://localhost:3000/" "Mozilla/5.0 (Macintosh; Intel Mac OS X 10_15_7) AppleWebKit/537.36 (KHTML, like Gecko) Chrome/99.0.4844.84 Safari/537.36"
::1 - - [13/Apr/2022:18:55:20 +0000] "GET /launches HTTP/1.1" 200 391 "http://localhost:3000/" "Mozilla/5.0 (Macintosh; Intel Mac OS X 10_15_7) AppleWebKit/537.36 (KHTML, like Gecko) Chrome/99.0.4844.84 Safari/537.36"
::1 - - [13/Apr/2022:18:55:24 +0000] "DELETE /launches/101 HTTP/1.1" 404 28 "http://localhost:3000/" "Mozilla/5.0 (Macintosh; Intel Mac OS X 10_15_7) AppleWebKit/537.36 (KHTML, like Gecko) Chrome/99.0.4844.84 Safari/537.36"
::1 - - [13/Apr/2022:18:55:53 +0000] "POST /launches HTTP/1.1" 201 185 "http://localhost:3000/" "Mozilla/5.0 (Macintosh; Intel Mac OS X 10_15_7) AppleWebKit/537.36 (KHTML, like Gecko) Chrome/99.0.4844.84 Safari/537.36"
::1 - - [13/Apr/2022:18:55:53 +0000] "GET /launches HTTP/1.1" 200 391 "http://localhost:3000/" "Mozilla/5.0 (Macintosh; Intel Mac OS X 10_15_7) AppleWebKit/537.36 (KHTML, like Gecko) Chrome/99.0.4844.84 Safari/537.36"
::1 - - [13/Apr/2022:18:55:57 +0000] "DELETE /launches/101 HTTP/1.1" 404 28 "http://localhost:3000/" "Mozilla/5.0 (Macintosh; Intel Mac OS X 10_15_7) AppleWebKit/537.36 (KHTML, like Gecko) Chrome/99.0.4844.84 Safari/537.36"
::1 - - [13/Apr/2022:18:56:11 +0000] "DELETE /launches/101 HTTP/1.1" 404 28 "http://localhost:3000/" "Mozilla/5.0 (Macintosh; Intel Mac OS X 10_15_7) AppleWebKit/537.36 (KHTML, like Gecko) Chrome/99.0.4844.84 Safari/537.36"
::1 - - [13/Apr/2022:18:56:23 +0000] "DELETE /launches/101 HTTP/1.1" 404 28 "http://localhost:3000/" "Mozilla/5.0 (Macintosh; Intel Mac OS X 10_15_7) AppleWebKit/537.36 (KHTML, like Gecko) Chrome/99.0.4844.84 Safari/537.36"
::1 - - [13/Apr/2022:18:56:27 +0000] "GET /launches HTTP/1.1" 200 205 "http://localhost:3000/" "Mozilla/5.0 (Macintosh; Intel Mac OS X 10_15_7) AppleWebKit/537.36 (KHTML, like Gecko) Chrome/99.0.4844.84 Safari/537.36"
::1 - - [13/Apr/2022:18:56:27 +0000] "GET /planets HTTP/1.1" 304 - "http://localhost:3000/" "Mozilla/5.0 (Macintosh; Intel Mac OS X 10_15_7) AppleWebKit/537.36 (KHTML, like Gecko) Chrome/99.0.4844.84 Safari/537.36"
::1 - - [13/Apr/2022:18:56:31 +0000] "POST /launches HTTP/1.1" 201 186 "http://localhost:3000/" "Mozilla/5.0 (Macintosh; Intel Mac OS X 10_15_7) AppleWebKit/537.36 (KHTML, like Gecko) Chrome/99.0.4844.84 Safari/537.36"
::1 - - [13/Apr/2022:18:56:31 +0000] "GET /launches HTTP/1.1" 200 392 "http://localhost:3000/" "Mozilla/5.0 (Macintosh; Intel Mac OS X 10_15_7) AppleWebKit/537.36 (KHTML, like Gecko) Chrome/99.0.4844.84 Safari/537.36"
::1 - - [13/Apr/2022:18:56:33 +0000] "DELETE /launches/101 HTTP/1.1" 500 1615 "http://localhost:3000/" "Mozilla/5.0 (Macintosh; Intel Mac OS X 10_15_7) AppleWebKit/537.36 (KHTML, like Gecko) Chrome/99.0.4844.84 Safari/537.36"
::1 - - [13/Apr/2022:18:58:50 +0000] "GET /launches HTTP/1.1" 200 205 "http://localhost:3000/" "Mozilla/5.0 (Macintosh; Intel Mac OS X 10_15_7) AppleWebKit/537.36 (KHTML, like Gecko) Chrome/99.0.4844.84 Safari/537.36"
::1 - - [13/Apr/2022:18:58:50 +0000] "GET /planets HTTP/1.1" 304 - "http://localhost:3000/" "Mozilla/5.0 (Macintosh; Intel Mac OS X 10_15_7) AppleWebKit/537.36 (KHTML, like Gecko) Chrome/99.0.4844.84 Safari/537.36"
::1 - - [13/Apr/2022:18:58:57 +0000] "POST /launches HTTP/1.1" 201 185 "http://localhost:3000/" "Mozilla/5.0 (Macintosh; Intel Mac OS X 10_15_7) AppleWebKit/537.36 (KHTML, like Gecko) Chrome/99.0.4844.84 Safari/537.36"
::1 - - [13/Apr/2022:18:58:57 +0000] "GET /launches HTTP/1.1" 200 391 "http://localhost:3000/" "Mozilla/5.0 (Macintosh; Intel Mac OS X 10_15_7) AppleWebKit/537.36 (KHTML, like Gecko) Chrome/99.0.4844.84 Safari/537.36"
::1 - - [13/Apr/2022:18:59:02 +0000] "DELETE /launches/101 HTTP/1.1" 200 187 "http://localhost:3000/" "Mozilla/5.0 (Macintosh; Intel Mac OS X 10_15_7) AppleWebKit/537.36 (KHTML, like Gecko) Chrome/99.0.4844.84 Safari/537.36"
::1 - - [13/Apr/2022:18:59:02 +0000] "GET /launches HTTP/1.1" 200 393 "http://localhost:3000/" "Mozilla/5.0 (Macintosh; Intel Mac OS X 10_15_7) AppleWebKit/537.36 (KHTML, like Gecko) Chrome/99.0.4844.84 Safari/537.36"
::1 - - [13/Apr/2022:19:37:42 +0000] "DELETE /launches/100 HTTP/1.1" 200 205 "-" "PostmanRuntime/7.29.0"
::1 - - [13/Apr/2022:19:37:52 +0000] "DELETE /launches/100 HTTP/1.1" 200 205 "http://localhost:3000/" "Mozilla/5.0 (Macintosh; Intel Mac OS X 10_15_7) AppleWebKit/537.36 (KHTML, like Gecko) Chrome/99.0.4844.84 Safari/537.36"
::1 - - [13/Apr/2022:19:37:52 +0000] "GET /launches HTTP/1.1" 200 395 "http://localhost:3000/" "Mozilla/5.0 (Macintosh; Intel Mac OS X 10_15_7) AppleWebKit/537.36 (KHTML, like Gecko) Chrome/99.0.4844.84 Safari/537.36"
